<?xml version="1.0" encoding="UTF-8"?>
<!-- Generated by org.testng.reporters.JUnitReportReporter -->
<testsuite skipped="0" hostname="kvidya" name="Test.PhptravelsLoginWithPageFactory" tests="1" failures="0" timestamp="08 Nov 2017 18:38:38 GMT" time="4.682" errors="0">
  <testcase name="test_Home_Page_Appearscorrect" time="4.682" classname="Test.PhptravelsLoginWithPageFactory"/>
</testsuite> <!-- Test.PhptravelsLoginWithPageFactory -->
